2025-06-10 09:21:15,966 - INFO - Starting job scraping at 2025-06-10 09:21:15
2025-06-10 09:21:15,966 - INFO - 
Searching for IT jobs in Göteborg...
2025-06-10 09:21:15,967 - INFO -   Searching for term: IT
2025-06-10 09:21:15,967 - INFO - Searching JobTech API for 'IT' in Göteborg
2025-06-10 09:21:17,354 - INFO - Found 445 total hits, retrieved 100 jobs
2025-06-10 09:21:17,376 - INFO -   Found 100 jobs for term: IT
2025-06-10 09:21:18,377 - INFO -   Searching for term: utvecklare
2025-06-10 09:21:18,378 - INFO - Searching JobTech API for 'utvecklare' in Göteborg
2025-06-10 09:21:19,656 - INFO - Found 134 total hits, retrieved 100 jobs
2025-06-10 09:21:19,672 - INFO -   Found 100 jobs for term: utvecklare
2025-06-10 09:21:20,674 - INFO -   Searching for term: systemutvecklare
2025-06-10 09:21:20,674 - INFO - Searching JobTech API for 'systemutvecklare' in Göteborg
2025-06-10 09:21:22,030 - INFO - Found 134 total hits, retrieved 100 jobs
2025-06-10 09:21:22,046 - INFO -   Found 100 jobs for term: systemutvecklare
2025-06-10 09:21:23,048 - INFO -   Searching for term: programmerare
2025-06-10 09:21:23,048 - INFO - Searching JobTech API for 'programmerare' in Göteborg
2025-06-10 09:21:24,263 - INFO - Found 134 total hits, retrieved 100 jobs
2025-06-10 09:21:24,279 - INFO -   Found 100 jobs for term: programmerare
2025-06-10 09:21:25,281 - INFO -   Searching for term: webbutvecklare
2025-06-10 09:21:25,281 - INFO - Searching JobTech API for 'webbutvecklare' in Göteborg
2025-06-10 09:21:25,734 - INFO - Found 0 total hits, retrieved 0 jobs
2025-06-10 09:21:25,735 - WARNING - JobTech API returned no results for 'webbutvecklare' in Göteborg, trying Indeed API
2025-06-10 09:21:25,735 - INFO - Searching Indeed API for 'webbutvecklare' in Göteborg
2025-06-10 09:21:25,735 - WARNING - No RapidAPI key provided, skipping Indeed API call
2025-06-10 09:21:25,735 - WARNING - No jobs found for term: webbutvecklare
2025-06-10 09:21:25,735 - INFO -   Searching for term: IT-tekniker
2025-06-10 09:21:25,735 - INFO - Searching JobTech API for 'IT-tekniker' in Göteborg
2025-06-10 09:21:26,626 - INFO - Found 16 total hits, retrieved 16 jobs
2025-06-10 09:21:26,628 - INFO -   Found 16 jobs for term: IT-tekniker
2025-06-10 09:21:27,629 - INFO -   Searching for term: software
2025-06-10 09:21:27,630 - INFO - Searching JobTech API for 'software' in Göteborg
2025-06-10 09:21:28,978 - INFO - Found 227 total hits, retrieved 100 jobs
2025-06-10 09:21:28,998 - INFO -   Found 100 jobs for term: software
2025-06-10 09:21:30,000 - INFO -   Searching for term: developer
2025-06-10 09:21:30,000 - INFO - Searching JobTech API for 'developer' in Göteborg
2025-06-10 09:21:31,366 - INFO - Found 134 total hits, retrieved 100 jobs
2025-06-10 09:21:31,383 - INFO -   Found 100 jobs for term: developer
2025-06-10 09:21:32,384 - INFO -   Searching for term: programmer
2025-06-10 09:21:32,384 - INFO - Searching JobTech API for 'programmer' in Göteborg
2025-06-10 09:21:33,744 - INFO - Found 134 total hits, retrieved 100 jobs
2025-06-10 09:21:33,761 - INFO -   Found 100 jobs for term: programmer
2025-06-10 09:21:34,763 - INFO -   Searching for term: devops
2025-06-10 09:21:34,763 - INFO - Searching JobTech API for 'devops' in Göteborg
2025-06-10 09:21:35,548 - INFO - Found 14 total hits, retrieved 14 jobs
2025-06-10 09:21:35,551 - INFO -   Found 14 jobs for term: devops
2025-06-10 09:21:36,553 - INFO -   Searching for term: frontend
2025-06-10 09:21:36,553 - INFO - Searching JobTech API for 'frontend' in Göteborg
2025-06-10 09:21:37,491 - INFO - Found 30 total hits, retrieved 30 jobs
2025-06-10 09:21:37,497 - INFO -   Found 30 jobs for term: frontend
2025-06-10 09:21:38,498 - INFO -   Searching for term: backend
2025-06-10 09:21:38,498 - INFO - Searching JobTech API for 'backend' in Göteborg
2025-06-10 09:21:39,448 - INFO - Found 35 total hits, retrieved 35 jobs
2025-06-10 09:21:39,459 - INFO -   Found 35 jobs for term: backend
2025-06-10 09:21:40,461 - INFO -   Searching for term: fullstack
2025-06-10 09:21:40,461 - INFO - Searching JobTech API for 'fullstack' in Göteborg
2025-06-10 09:21:41,381 - INFO - Found 19 total hits, retrieved 19 jobs
2025-06-10 09:21:41,386 - INFO -   Found 19 jobs for term: fullstack
2025-06-10 09:21:42,387 - INFO -   Searching for term: system administrator
2025-06-10 09:21:42,388 - INFO - Searching JobTech API for 'system administrator' in Göteborg
2025-06-10 09:21:42,765 - INFO - Found 1 total hits, retrieved 1 jobs
2025-06-10 09:21:42,773 - INFO -   Found 1 jobs for term: system administrator
2025-06-10 09:21:43,775 - INFO -   Searching for term: network
2025-06-10 09:21:43,775 - INFO - Searching JobTech API for 'network' in Göteborg
2025-06-10 09:21:45,112 - INFO - Found 89 total hits, retrieved 89 jobs
2025-06-10 09:21:45,135 - INFO -   Found 89 jobs for term: network
2025-06-10 09:21:46,136 - INFO -   Searching for term: database
2025-06-10 09:21:46,137 - INFO - Searching JobTech API for 'database' in Göteborg
2025-06-10 09:21:46,892 - INFO - Found 15 total hits, retrieved 15 jobs
2025-06-10 09:21:46,897 - INFO -   Found 15 jobs for term: database
2025-06-10 09:21:47,898 - INFO - 
Searching for IT jobs in Kungsbacka...
2025-06-10 09:21:47,898 - INFO -   Searching for term: IT
2025-06-10 09:21:47,899 - INFO - Searching JobTech API for 'IT' in Kungsbacka
2025-06-10 09:21:48,683 - INFO - Found 12 total hits, retrieved 12 jobs
2025-06-10 09:21:48,685 - INFO -   Found 12 jobs for term: IT
2025-06-10 09:21:49,686 - INFO -   Searching for term: utvecklare
2025-06-10 09:21:49,687 - INFO - Searching JobTech API for 'utvecklare' in Kungsbacka
2025-06-10 09:21:50,043 - INFO - Found 0 total hits, retrieved 0 jobs
2025-06-10 09:21:50,044 - WARNING - JobTech API returned no results for 'utvecklare' in Kungsbacka, trying Indeed API
2025-06-10 09:21:50,044 - INFO - Searching Indeed API for 'utvecklare' in Kungsbacka
2025-06-10 09:21:50,044 - WARNING - No RapidAPI key provided, skipping Indeed API call
2025-06-10 09:21:50,044 - WARNING - No jobs found for term: utvecklare
2025-06-10 09:21:50,044 - INFO -   Searching for term: systemutvecklare
2025-06-10 09:21:50,044 - INFO - Searching JobTech API for 'systemutvecklare' in Kungsbacka
2025-06-10 09:21:50,406 - INFO - Found 0 total hits, retrieved 0 jobs
2025-06-10 09:21:50,407 - WARNING - JobTech API returned no results for 'systemutvecklare' in Kungsbacka, trying Indeed API
2025-06-10 09:21:50,407 - INFO - Searching Indeed API for 'systemutvecklare' in Kungsbacka
2025-06-10 09:21:50,407 - WARNING - No RapidAPI key provided, skipping Indeed API call
2025-06-10 09:21:50,407 - WARNING - No jobs found for term: systemutvecklare
2025-06-10 09:21:50,407 - INFO -   Searching for term: programmerare
2025-06-10 09:21:50,407 - INFO - Searching JobTech API for 'programmerare' in Kungsbacka
2025-06-10 09:21:50,769 - INFO - Found 0 total hits, retrieved 0 jobs
2025-06-10 09:21:50,770 - WARNING - JobTech API returned no results for 'programmerare' in Kungsbacka, trying Indeed API
2025-06-10 09:21:50,770 - INFO - Searching Indeed API for 'programmerare' in Kungsbacka
2025-06-10 09:21:50,770 - WARNING - No RapidAPI key provided, skipping Indeed API call
2025-06-10 09:21:50,770 - WARNING - No jobs found for term: programmerare
2025-06-10 09:21:50,770 - INFO -   Searching for term: webbutvecklare
2025-06-10 09:21:50,770 - INFO - Searching JobTech API for 'webbutvecklare' in Kungsbacka
2025-06-10 09:21:51,130 - INFO - Found 0 total hits, retrieved 0 jobs
2025-06-10 09:21:51,131 - WARNING - JobTech API returned no results for 'webbutvecklare' in Kungsbacka, trying Indeed API
2025-06-10 09:21:51,131 - INFO - Searching Indeed API for 'webbutvecklare' in Kungsbacka
2025-06-10 09:21:51,131 - WARNING - No RapidAPI key provided, skipping Indeed API call
2025-06-10 09:21:51,131 - WARNING - No jobs found for term: webbutvecklare
2025-06-10 09:21:51,131 - INFO -   Searching for term: IT-tekniker
2025-06-10 09:21:51,131 - INFO - Searching JobTech API for 'IT-tekniker' in Kungsbacka
2025-06-10 09:21:51,696 - INFO - Found 5 total hits, retrieved 5 jobs
2025-06-10 09:21:51,698 - INFO -   Found 5 jobs for term: IT-tekniker
2025-06-10 09:21:52,699 - INFO -   Searching for term: software
2025-06-10 09:21:52,700 - INFO - Searching JobTech API for 'software' in Kungsbacka
2025-06-10 09:21:53,064 - INFO - Found 0 total hits, retrieved 0 jobs
2025-06-10 09:21:53,065 - WARNING - JobTech API returned no results for 'software' in Kungsbacka, trying Indeed API
2025-06-10 09:21:53,065 - INFO - Searching Indeed API for 'software' in Kungsbacka
2025-06-10 09:21:53,065 - WARNING - No RapidAPI key provided, skipping Indeed API call
2025-06-10 09:21:53,065 - WARNING - No jobs found for term: software
2025-06-10 09:21:53,065 - INFO -   Searching for term: developer
2025-06-10 09:21:53,065 - INFO - Searching JobTech API for 'developer' in Kungsbacka
2025-06-10 09:21:53,423 - INFO - Found 0 total hits, retrieved 0 jobs
2025-06-10 09:21:53,424 - WARNING - JobTech API returned no results for 'developer' in Kungsbacka, trying Indeed API
2025-06-10 09:21:53,424 - INFO - Searching Indeed API for 'developer' in Kungsbacka
2025-06-10 09:21:53,424 - WARNING - No RapidAPI key provided, skipping Indeed API call
2025-06-10 09:21:53,424 - WARNING - No jobs found for term: developer
2025-06-10 09:21:53,424 - INFO -   Searching for term: programmer
2025-06-10 09:21:53,424 - INFO - Searching JobTech API for 'programmer' in Kungsbacka
2025-06-10 09:21:53,786 - INFO - Found 0 total hits, retrieved 0 jobs
2025-06-10 09:21:53,787 - WARNING - JobTech API returned no results for 'programmer' in Kungsbacka, trying Indeed API
2025-06-10 09:21:53,787 - INFO - Searching Indeed API for 'programmer' in Kungsbacka
2025-06-10 09:21:53,787 - WARNING - No RapidAPI key provided, skipping Indeed API call
2025-06-10 09:21:53,787 - WARNING - No jobs found for term: programmer
2025-06-10 09:21:53,787 - INFO -   Searching for term: devops
2025-06-10 09:21:53,787 - INFO - Searching JobTech API for 'devops' in Kungsbacka
2025-06-10 09:21:54,147 - INFO - Found 0 total hits, retrieved 0 jobs
2025-06-10 09:21:54,147 - WARNING - JobTech API returned no results for 'devops' in Kungsbacka, trying Indeed API
2025-06-10 09:21:54,148 - INFO - Searching Indeed API for 'devops' in Kungsbacka
2025-06-10 09:21:54,148 - WARNING - No RapidAPI key provided, skipping Indeed API call
2025-06-10 09:21:54,148 - WARNING - No jobs found for term: devops
2025-06-10 09:21:54,148 - INFO -   Searching for term: frontend
2025-06-10 09:21:54,148 - INFO - Searching JobTech API for 'frontend' in Kungsbacka
2025-06-10 09:21:54,527 - INFO - Found 0 total hits, retrieved 0 jobs
2025-06-10 09:21:54,528 - WARNING - JobTech API returned no results for 'frontend' in Kungsbacka, trying Indeed API
2025-06-10 09:21:54,528 - INFO - Searching Indeed API for 'frontend' in Kungsbacka
2025-06-10 09:21:54,528 - WARNING - No RapidAPI key provided, skipping Indeed API call
2025-06-10 09:21:54,528 - WARNING - No jobs found for term: frontend
2025-06-10 09:21:54,528 - INFO -   Searching for term: backend
2025-06-10 09:21:54,528 - INFO - Searching JobTech API for 'backend' in Kungsbacka
2025-06-10 09:21:54,911 - INFO - Found 0 total hits, retrieved 0 jobs
2025-06-10 09:21:54,912 - WARNING - JobTech API returned no results for 'backend' in Kungsbacka, trying Indeed API
2025-06-10 09:21:54,912 - INFO - Searching Indeed API for 'backend' in Kungsbacka
2025-06-10 09:21:54,912 - WARNING - No RapidAPI key provided, skipping Indeed API call
2025-06-10 09:21:54,912 - WARNING - No jobs found for term: backend
2025-06-10 09:21:54,912 - INFO -   Searching for term: fullstack
2025-06-10 09:21:54,912 - INFO - Searching JobTech API for 'fullstack' in Kungsbacka
2025-06-10 09:21:55,275 - INFO - Found 0 total hits, retrieved 0 jobs
2025-06-10 09:21:55,276 - WARNING - JobTech API returned no results for 'fullstack' in Kungsbacka, trying Indeed API
2025-06-10 09:21:55,276 - INFO - Searching Indeed API for 'fullstack' in Kungsbacka
2025-06-10 09:21:55,276 - WARNING - No RapidAPI key provided, skipping Indeed API call
2025-06-10 09:21:55,276 - WARNING - No jobs found for term: fullstack
2025-06-10 09:21:55,276 - INFO -   Searching for term: system administrator
2025-06-10 09:21:55,276 - INFO - Searching JobTech API for 'system administrator' in Kungsbacka
2025-06-10 09:21:55,639 - INFO - Found 1 total hits, retrieved 1 jobs
2025-06-10 09:21:55,639 - INFO -   Found 1 jobs for term: system administrator
2025-06-10 09:21:56,641 - INFO -   Searching for term: network
2025-06-10 09:21:56,641 - INFO - Searching JobTech API for 'network' in Kungsbacka
2025-06-10 09:21:57,004 - INFO - Found 1 total hits, retrieved 1 jobs
2025-06-10 09:21:57,005 - INFO -   Found 1 jobs for term: network
2025-06-10 09:21:58,006 - INFO -   Searching for term: database
2025-06-10 09:21:58,007 - INFO - Searching JobTech API for 'database' in Kungsbacka
2025-06-10 09:21:58,369 - INFO - Found 0 total hits, retrieved 0 jobs
2025-06-10 09:21:58,370 - WARNING - JobTech API returned no results for 'database' in Kungsbacka, trying Indeed API
2025-06-10 09:21:58,370 - INFO - Searching Indeed API for 'database' in Kungsbacka
2025-06-10 09:21:58,370 - WARNING - No RapidAPI key provided, skipping Indeed API call
2025-06-10 09:21:58,370 - WARNING - No jobs found for term: database
2025-06-10 09:21:58,370 - INFO - 
Found 121 IT jobs in Gothenburg and Kungsbacka
2025-06-10 09:21:58,383 - INFO - Saved 121 jobs to /home/ubuntu/job_search_project/updated_version_v3/it_jobs.json
2025-06-10 09:21:58,383 - INFO - 
Searching for AI jobs in Göteborg...
2025-06-10 09:21:58,383 - INFO -   Searching for term: AI
2025-06-10 09:21:58,383 - INFO - Searching JobTech API for 'AI' in Göteborg
2025-06-10 09:21:59,766 - INFO - Found 93 total hits, retrieved 93 jobs
2025-06-10 09:21:59,787 - INFO -   Found 93 jobs for term: AI
2025-06-10 09:22:00,789 - INFO -   Searching for term: artificiell intelligens
2025-06-10 09:22:00,789 - INFO - Searching JobTech API for 'artificiell intelligens' in Göteborg
2025-06-10 09:22:02,152 - INFO - Found 93 total hits, retrieved 93 jobs
2025-06-10 09:22:02,174 - INFO -   Found 93 jobs for term: artificiell intelligens
2025-06-10 09:22:03,176 - INFO -   Searching for term: machine learning
2025-06-10 09:22:03,177 - INFO - Searching JobTech API for 'machine learning' in Göteborg
2025-06-10 09:22:04,104 - INFO - Found 25 total hits, retrieved 25 jobs
2025-06-10 09:22:04,111 - INFO -   Found 25 jobs for term: machine learning
2025-06-10 09:22:05,112 - INFO -   Searching for term: maskininlärning
2025-06-10 09:22:05,113 - INFO - Searching JobTech API for 'maskininlärning' in Göteborg
2025-06-10 09:22:06,002 - INFO - Found 6 total hits, retrieved 6 jobs
2025-06-10 09:22:06,004 - INFO -   Found 6 jobs for term: maskininlärning
2025-06-10 09:22:07,005 - INFO -   Searching for term: deep learning
2025-06-10 09:22:07,005 - INFO - Searching JobTech API for 'deep learning' in Göteborg
2025-06-10 09:22:08,351 - INFO - Found 162 total hits, retrieved 100 jobs
2025-06-10 09:22:08,372 - INFO -   Found 100 jobs for term: deep learning
2025-06-10 09:22:09,374 - INFO -   Searching for term: djupinlärning
2025-06-10 09:22:09,374 - INFO - Searching JobTech API for 'djupinlärning' in Göteborg
2025-06-10 09:22:09,805 - INFO - Found 1 total hits, retrieved 1 jobs
2025-06-10 09:22:09,806 - INFO -   Found 1 jobs for term: djupinlärning
2025-06-10 09:22:10,807 - INFO -   Searching for term: neural networks
2025-06-10 09:22:10,808 - INFO - Searching JobTech API for 'neural networks' in Göteborg
2025-06-10 09:22:11,742 - INFO - Found 22 total hits, retrieved 22 jobs
2025-06-10 09:22:11,748 - INFO -   Found 22 jobs for term: neural networks
2025-06-10 09:22:12,750 - INFO -   Searching for term: neurala nätverk
2025-06-10 09:22:12,750 - INFO - Searching JobTech API for 'neurala nätverk' in Göteborg
2025-06-10 09:22:13,136 - INFO - Found 0 total hits, retrieved 0 jobs
2025-06-10 09:22:13,137 - WARNING - JobTech API returned no results for 'neurala nätverk' in Göteborg, trying Indeed API
2025-06-10 09:22:13,137 - INFO - Searching Indeed API for 'neurala nätverk' in Göteborg
2025-06-10 09:22:13,137 - WARNING - No RapidAPI key provided, skipping Indeed API call
2025-06-10 09:22:13,137 - WARNING - No jobs found for term: neurala nätverk
2025-06-10 09:22:13,137 - INFO -   Searching for term: data science
2025-06-10 09:22:13,137 - INFO - Searching JobTech API for 'data science' in Göteborg
2025-06-10 09:22:14,208 - INFO - Found 60 total hits, retrieved 60 jobs
2025-06-10 09:22:14,223 - INFO -   Found 60 jobs for term: data science
2025-06-10 09:22:15,224 - INFO -   Searching for term: datavetenskap
2025-06-10 09:22:15,224 - INFO - Searching JobTech API for 'datavetenskap' in Göteborg
2025-06-10 09:22:16,023 - INFO - Found 14 total hits, retrieved 14 jobs
2025-06-10 09:22:16,025 - INFO -   Found 14 jobs for term: datavetenskap
2025-06-10 09:22:17,026 - INFO -   Searching for term: NLP
2025-06-10 09:22:17,027 - INFO - Searching JobTech API for 'NLP' in Göteborg
2025-06-10 09:22:17,458 - INFO - Found 1 total hits, retrieved 1 jobs
2025-06-10 09:22:17,459 - INFO -   Found 1 jobs for term: NLP
2025-06-10 09:22:18,460 - INFO -   Searching for term: natural language processing
2025-06-10 09:22:18,461 - INFO - Searching JobTech API for 'natural language processing' in Göteborg
2025-06-10 09:22:19,842 - INFO - Found 107 total hits, retrieved 100 jobs
2025-06-10 09:22:19,868 - INFO -   Found 100 jobs for term: natural language processing
2025-06-10 09:22:20,869 - INFO -   Searching for term: computer vision
2025-06-10 09:22:20,869 - INFO - Searching JobTech API for 'computer vision' in Göteborg
2025-06-10 09:22:21,224 - INFO - Found 0 total hits, retrieved 0 jobs
2025-06-10 09:22:21,225 - WARNING - JobTech API returned no results for 'computer vision' in Göteborg, trying Indeed API
2025-06-10 09:22:21,225 - INFO - Searching Indeed API for 'computer vision' in Göteborg
2025-06-10 09:22:21,225 - WARNING - No RapidAPI key provided, skipping Indeed API call
2025-06-10 09:22:21,225 - WARNING - No jobs found for term: computer vision
2025-06-10 09:22:21,225 - INFO -   Searching for term: datorseende
2025-06-10 09:22:21,225 - INFO - Searching JobTech API for 'datorseende' in Göteborg
2025-06-10 09:22:21,583 - INFO - Found 0 total hits, retrieved 0 jobs
2025-06-10 09:22:21,584 - WARNING - JobTech API returned no results for 'datorseende' in Göteborg, trying Indeed API
2025-06-10 09:22:21,584 - INFO - Searching Indeed API for 'datorseende' in Göteborg
2025-06-10 09:22:21,584 - WARNING - No RapidAPI key provided, skipping Indeed API call
2025-06-10 09:22:21,584 - WARNING - No jobs found for term: datorseende
2025-06-10 09:22:21,585 - INFO -   Searching for term: predictive analytics
2025-06-10 09:22:21,585 - INFO - Searching JobTech API for 'predictive analytics' in Göteborg
2025-06-10 09:22:21,970 - INFO - Found 0 total hits, retrieved 0 jobs
2025-06-10 09:22:21,970 - WARNING - JobTech API returned no results for 'predictive analytics' in Göteborg, trying Indeed API
2025-06-10 09:22:21,971 - INFO - Searching Indeed API for 'predictive analytics' in Göteborg
2025-06-10 09:22:21,971 - WARNING - No RapidAPI key provided, skipping Indeed API call
2025-06-10 09:22:21,971 - WARNING - No jobs found for term: predictive analytics
2025-06-10 09:22:21,971 - INFO -   Searching for term: prediktiv analys
2025-06-10 09:22:21,971 - INFO - Searching JobTech API for 'prediktiv analys' in Göteborg
2025-06-10 09:22:22,332 - INFO - Found 1 total hits, retrieved 1 jobs
2025-06-10 09:22:22,332 - INFO -   Found 1 jobs for term: prediktiv analys
2025-06-10 09:22:23,334 - INFO -   Searching for term: big data
2025-06-10 09:22:23,334 - INFO - Searching JobTech API for 'big data' in Göteborg
2025-06-10 09:22:23,989 - INFO - Found 7 total hits, retrieved 7 jobs
2025-06-10 09:22:23,991 - INFO -   Found 7 jobs for term: big data
2025-06-10 09:22:24,993 - INFO -   Searching for term: stordata
2025-06-10 09:22:24,993 - INFO - Searching JobTech API for 'stordata' in Göteborg
2025-06-10 09:22:25,351 - INFO - Found 0 total hits, retrieved 0 jobs
2025-06-10 09:22:25,351 - WARNING - JobTech API returned no results for 'stordata' in Göteborg, trying Indeed API
2025-06-10 09:22:25,351 - INFO - Searching Indeed API for 'stordata' in Göteborg
2025-06-10 09:22:25,352 - WARNING - No RapidAPI key provided, skipping Indeed API call
2025-06-10 09:22:25,352 - WARNING - No jobs found for term: stordata
2025-06-10 09:22:25,352 - INFO -   Searching for term: data mining
2025-06-10 09:22:25,352 - INFO - Searching JobTech API for 'data mining' in Göteborg
2025-06-10 09:22:25,813 - INFO - Found 2 total hits, retrieved 2 jobs
2025-06-10 09:22:25,814 - INFO -   Found 2 jobs for term: data mining
2025-06-10 09:22:26,816 - INFO -   Searching for term: datautvinning
2025-06-10 09:22:26,816 - INFO - Searching JobTech API for 'datautvinning' in Göteborg
2025-06-10 09:22:27,283 - INFO - Found 1 total hits, retrieved 1 jobs
2025-06-10 09:22:27,284 - INFO -   Found 1 jobs for term: datautvinning
2025-06-10 09:22:28,285 - INFO - 
Searching for AI jobs in Kungsbacka...
2025-06-10 09:22:28,285 - INFO -   Searching for term: AI
2025-06-10 09:22:28,286 - INFO - Searching JobTech API for 'AI' in Kungsbacka
2025-06-10 09:22:28,782 - INFO - Found 2 total hits, retrieved 2 jobs
2025-06-10 09:22:28,783 - INFO -   Found 2 jobs for term: AI
2025-06-10 09:22:29,785 - INFO -   Searching for term: artificiell intelligens
2025-06-10 09:22:29,785 - INFO - Searching JobTech API for 'artificiell intelligens' in Kungsbacka
2025-06-10 09:22:30,286 - INFO - Found 2 total hits, retrieved 2 jobs
2025-06-10 09:22:30,288 - INFO -   Found 2 jobs for term: artificiell intelligens
2025-06-10 09:22:31,289 - INFO -   Searching for term: machine learning
2025-06-10 09:22:31,289 - INFO - Searching JobTech API for 'machine learning' in Kungsbacka
2025-06-10 09:22:31,648 - INFO - Found 0 total hits, retrieved 0 jobs
2025-06-10 09:22:31,648 - WARNING - JobTech API returned no results for 'machine learning' in Kungsbacka, trying Indeed API
2025-06-10 09:22:31,649 - INFO - Searching Indeed API for 'machine learning' in Kungsbacka
2025-06-10 09:22:31,649 - WARNING - No RapidAPI key provided, skipping Indeed API call
2025-06-10 09:22:31,649 - WARNING - No jobs found for term: machine learning
2025-06-10 09:22:31,649 - INFO -   Searching for term: maskininlärning
2025-06-10 09:22:31,649 - INFO - Searching JobTech API for 'maskininlärning' in Kungsbacka
2025-06-10 09:22:32,010 - INFO - Found 0 total hits, retrieved 0 jobs
2025-06-10 09:22:32,011 - WARNING - JobTech API returned no results for 'maskininlärning' in Kungsbacka, trying Indeed API
2025-06-10 09:22:32,011 - INFO - Searching Indeed API for 'maskininlärning' in Kungsbacka
2025-06-10 09:22:32,011 - WARNING - No RapidAPI key provided, skipping Indeed API call
2025-06-10 09:22:32,011 - WARNING - No jobs found for term: maskininlärning
2025-06-10 09:22:32,011 - INFO -   Searching for term: deep learning
2025-06-10 09:22:32,011 - INFO - Searching JobTech API for 'deep learning' in Kungsbacka
2025-06-10 09:22:32,376 - INFO - Found 1 total hits, retrieved 1 jobs
2025-06-10 09:22:32,377 - INFO -   Found 1 jobs for term: deep learning
2025-06-10 09:22:33,378 - INFO -   Searching for term: djupinlärning
2025-06-10 09:22:33,379 - INFO - Searching JobTech API for 'djupinlärning' in Kungsbacka
2025-06-10 09:22:33,738 - INFO - Found 0 total hits, retrieved 0 jobs
2025-06-10 09:22:33,739 - WARNING - JobTech API returned no results for 'djupinlärning' in Kungsbacka, trying Indeed API
2025-06-10 09:22:33,739 - INFO - Searching Indeed API for 'djupinlärning' in Kungsbacka
2025-06-10 09:22:33,740 - WARNING - No RapidAPI key provided, skipping Indeed API call
2025-06-10 09:22:33,740 - WARNING - No jobs found for term: djupinlärning
2025-06-10 09:22:33,740 - INFO -   Searching for term: neural networks
2025-06-10 09:22:33,740 - INFO - Searching JobTech API for 'neural networks' in Kungsbacka
2025-06-10 09:22:34,100 - INFO - Found 0 total hits, retrieved 0 jobs
2025-06-10 09:22:34,100 - WARNING - JobTech API returned no results for 'neural networks' in Kungsbacka, trying Indeed API
2025-06-10 09:22:34,101 - INFO - Searching Indeed API for 'neural networks' in Kungsbacka
2025-06-10 09:22:34,101 - WARNING - No RapidAPI key provided, skipping Indeed API call
2025-06-10 09:22:34,101 - WARNING - No jobs found for term: neural networks
2025-06-10 09:22:34,101 - INFO -   Searching for term: neurala nätverk
2025-06-10 09:22:34,101 - INFO - Searching JobTech API for 'neurala nätverk' in Kungsbacka
2025-06-10 09:22:34,464 - INFO - Found 0 total hits, retrieved 0 jobs
2025-06-10 09:22:34,464 - WARNING - JobTech API returned no results for 'neurala nätverk' in Kungsbacka, trying Indeed API
2025-06-10 09:22:34,465 - INFO - Searching Indeed API for 'neurala nätverk' in Kungsbacka
2025-06-10 09:22:34,465 - WARNING - No RapidAPI key provided, skipping Indeed API call
2025-06-10 09:22:34,465 - WARNING - No jobs found for term: neurala nätverk
2025-06-10 09:22:34,465 - INFO -   Searching for term: data science
2025-06-10 09:22:34,465 - INFO - Searching JobTech API for 'data science' in Kungsbacka
2025-06-10 09:22:34,824 - INFO - Found 0 total hits, retrieved 0 jobs
2025-06-10 09:22:34,825 - WARNING - JobTech API returned no results for 'data science' in Kungsbacka, trying Indeed API
2025-06-10 09:22:34,825 - INFO - Searching Indeed API for 'data science' in Kungsbacka
2025-06-10 09:22:34,825 - WARNING - No RapidAPI key provided, skipping Indeed API call
2025-06-10 09:22:34,825 - WARNING - No jobs found for term: data science
2025-06-10 09:22:34,825 - INFO -   Searching for term: datavetenskap
2025-06-10 09:22:34,825 - INFO - Searching JobTech API for 'datavetenskap' in Kungsbacka
2025-06-10 09:22:35,184 - INFO - Found 0 total hits, retrieved 0 jobs
2025-06-10 09:22:35,185 - WARNING - JobTech API returned no results for 'datavetenskap' in Kungsbacka, trying Indeed API
2025-06-10 09:22:35,185 - INFO - Searching Indeed API for 'datavetenskap' in Kungsbacka
2025-06-10 09:22:35,185 - WARNING - No RapidAPI key provided, skipping Indeed API call
2025-06-10 09:22:35,185 - WARNING - No jobs found for term: datavetenskap
2025-06-10 09:22:35,185 - INFO -   Searching for term: NLP
2025-06-10 09:22:35,185 - INFO - Searching JobTech API for 'NLP' in Kungsbacka
2025-06-10 09:22:35,549 - INFO - Found 0 total hits, retrieved 0 jobs
2025-06-10 09:22:35,550 - WARNING - JobTech API returned no results for 'NLP' in Kungsbacka, trying Indeed API
2025-06-10 09:22:35,550 - INFO - Searching Indeed API for 'NLP' in Kungsbacka
2025-06-10 09:22:35,550 - WARNING - No RapidAPI key provided, skipping Indeed API call
2025-06-10 09:22:35,550 - WARNING - No jobs found for term: NLP
2025-06-10 09:22:35,550 - INFO -   Searching for term: natural language processing
2025-06-10 09:22:35,550 - INFO - Searching JobTech API for 'natural language processing' in Kungsbacka
2025-06-10 09:22:36,051 - INFO - Found 2 total hits, retrieved 2 jobs
2025-06-10 09:22:36,052 - INFO -   Found 2 jobs for term: natural language processing
2025-06-10 09:22:37,053 - INFO -   Searching for term: computer vision
2025-06-10 09:22:37,054 - INFO - Searching JobTech API for 'computer vision' in Kungsbacka
2025-06-10 09:22:37,416 - INFO - Found 0 total hits, retrieved 0 jobs
2025-06-10 09:22:37,416 - WARNING - JobTech API returned no results for 'computer vision' in Kungsbacka, trying Indeed API
2025-06-10 09:22:37,417 - INFO - Searching Indeed API for 'computer vision' in Kungsbacka
2025-06-10 09:22:37,417 - WARNING - No RapidAPI key provided, skipping Indeed API call
2025-06-10 09:22:37,417 - WARNING - No jobs found for term: computer vision
2025-06-10 09:22:37,417 - INFO -   Searching for term: datorseende
2025-06-10 09:22:37,417 - INFO - Searching JobTech API for 'datorseende' in Kungsbacka
2025-06-10 09:22:37,774 - INFO - Found 0 total hits, retrieved 0 jobs
2025-06-10 09:22:37,775 - WARNING - JobTech API returned no results for 'datorseende' in Kungsbacka, trying Indeed API
2025-06-10 09:22:37,775 - INFO - Searching Indeed API for 'datorseende' in Kungsbacka
2025-06-10 09:22:37,775 - WARNING - No RapidAPI key provided, skipping Indeed API call
2025-06-10 09:22:37,776 - WARNING - No jobs found for term: datorseende
2025-06-10 09:22:37,776 - INFO -   Searching for term: predictive analytics
2025-06-10 09:22:37,776 - INFO - Searching JobTech API for 'predictive analytics' in Kungsbacka
2025-06-10 09:22:38,130 - INFO - Found 0 total hits, retrieved 0 jobs
2025-06-10 09:22:38,130 - WARNING - JobTech API returned no results for 'predictive analytics' in Kungsbacka, trying Indeed API
2025-06-10 09:22:38,130 - INFO - Searching Indeed API for 'predictive analytics' in Kungsbacka
2025-06-10 09:22:38,131 - WARNING - No RapidAPI key provided, skipping Indeed API call
2025-06-10 09:22:38,131 - WARNING - No jobs found for term: predictive analytics
2025-06-10 09:22:38,131 - INFO -   Searching for term: prediktiv analys
2025-06-10 09:22:38,131 - INFO - Searching JobTech API for 'prediktiv analys' in Kungsbacka
2025-06-10 09:22:38,486 - INFO - Found 0 total hits, retrieved 0 jobs
2025-06-10 09:22:38,486 - WARNING - JobTech API returned no results for 'prediktiv analys' in Kungsbacka, trying Indeed API
2025-06-10 09:22:38,487 - INFO - Searching Indeed API for 'prediktiv analys' in Kungsbacka
2025-06-10 09:22:38,487 - WARNING - No RapidAPI key provided, skipping Indeed API call
2025-06-10 09:22:38,487 - WARNING - No jobs found for term: prediktiv analys
2025-06-10 09:22:38,487 - INFO -   Searching for term: big data
2025-06-10 09:22:38,487 - INFO - Searching JobTech API for 'big data' in Kungsbacka
2025-06-10 09:22:38,846 - INFO - Found 0 total hits, retrieved 0 jobs
2025-06-10 09:22:38,847 - WARNING - JobTech API returned no results for 'big data' in Kungsbacka, trying Indeed API
2025-06-10 09:22:38,847 - INFO - Searching Indeed API for 'big data' in Kungsbacka
2025-06-10 09:22:38,847 - WARNING - No RapidAPI key provided, skipping Indeed API call
2025-06-10 09:22:38,847 - WARNING - No jobs found for term: big data
2025-06-10 09:22:38,847 - INFO -   Searching for term: stordata
2025-06-10 09:22:38,847 - INFO - Searching JobTech API for 'stordata' in Kungsbacka
2025-06-10 09:22:39,209 - INFO - Found 0 total hits, retrieved 0 jobs
2025-06-10 09:22:39,209 - WARNING - JobTech API returned no results for 'stordata' in Kungsbacka, trying Indeed API
2025-06-10 09:22:39,209 - INFO - Searching Indeed API for 'stordata' in Kungsbacka
2025-06-10 09:22:39,209 - WARNING - No RapidAPI key provided, skipping Indeed API call
2025-06-10 09:22:39,210 - WARNING - No jobs found for term: stordata
2025-06-10 09:22:39,210 - INFO -   Searching for term: data mining
2025-06-10 09:22:39,210 - INFO - Searching JobTech API for 'data mining' in Kungsbacka
2025-06-10 09:22:39,570 - INFO - Found 0 total hits, retrieved 0 jobs
2025-06-10 09:22:39,571 - WARNING - JobTech API returned no results for 'data mining' in Kungsbacka, trying Indeed API
2025-06-10 09:22:39,571 - INFO - Searching Indeed API for 'data mining' in Kungsbacka
2025-06-10 09:22:39,571 - WARNING - No RapidAPI key provided, skipping Indeed API call
2025-06-10 09:22:39,571 - WARNING - No jobs found for term: data mining
2025-06-10 09:22:39,571 - INFO -   Searching for term: datautvinning
2025-06-10 09:22:39,571 - INFO - Searching JobTech API for 'datautvinning' in Kungsbacka
2025-06-10 09:22:39,921 - INFO - Found 0 total hits, retrieved 0 jobs
2025-06-10 09:22:39,922 - WARNING - JobTech API returned no results for 'datautvinning' in Kungsbacka, trying Indeed API
2025-06-10 09:22:39,922 - INFO - Searching Indeed API for 'datautvinning' in Kungsbacka
2025-06-10 09:22:39,922 - WARNING - No RapidAPI key provided, skipping Indeed API call
2025-06-10 09:22:39,923 - WARNING - No jobs found for term: datautvinning
2025-06-10 09:22:39,923 - INFO - 
Found 154 AI jobs in Gothenburg and Kungsbacka
2025-06-10 09:22:39,941 - INFO - Saved 154 jobs to /home/ubuntu/job_search_project/updated_version_v3/ai_jobs.json
2025-06-10 09:22:39,941 - INFO - 
Searching for RPA jobs in Göteborg...
2025-06-10 09:22:39,941 - INFO -   Searching for term: RPA
2025-06-10 09:22:39,941 - INFO - Searching JobTech API for 'RPA' in Göteborg
2025-06-10 09:22:40,305 - INFO - Found 1 total hits, retrieved 1 jobs
2025-06-10 09:22:40,306 - INFO -   Found 1 jobs for term: RPA
2025-06-10 09:22:41,307 - INFO -   Searching for term: robotic process automation
2025-06-10 09:22:41,307 - INFO - Searching JobTech API for 'robotic process automation' in Göteborg
2025-06-10 09:22:42,242 - INFO - Found 23 total hits, retrieved 23 jobs
2025-06-10 09:22:42,247 - INFO -   Found 23 jobs for term: robotic process automation
2025-06-10 09:22:43,249 - INFO -   Searching for term: automation
2025-06-10 09:22:43,249 - INFO - Searching JobTech API for 'automation' in Göteborg
2025-06-10 09:22:44,511 - INFO - Found 98 total hits, retrieved 98 jobs
2025-06-10 09:22:44,530 - INFO -   Found 98 jobs for term: automation
2025-06-10 09:22:45,531 - INFO -   Searching for term: automatisering
2025-06-10 09:22:45,532 - INFO - Searching JobTech API for 'automatisering' in Göteborg
2025-06-10 09:22:46,467 - INFO - Found 29 total hits, retrieved 29 jobs
2025-06-10 09:22:46,471 - INFO -   Found 29 jobs for term: automatisering
2025-06-10 09:22:47,473 - INFO -   Searching for term: process automation
2025-06-10 09:22:47,473 - INFO - Searching JobTech API for 'process automation' in Göteborg
2025-06-10 09:22:48,399 - INFO - Found 23 total hits, retrieved 23 jobs
2025-06-10 09:22:48,405 - INFO -   Found 23 jobs for term: process automation
2025-06-10 09:22:49,406 - INFO -   Searching for term: UiPath
2025-06-10 09:22:49,406 - INFO - Searching JobTech API for 'UiPath' in Göteborg
2025-06-10 09:22:49,766 - INFO - Found 0 total hits, retrieved 0 jobs
2025-06-10 09:22:49,767 - WARNING - JobTech API returned no results for 'UiPath' in Göteborg, trying Indeed API
2025-06-10 09:22:49,767 - INFO - Searching Indeed API for 'UiPath' in Göteborg
2025-06-10 09:22:49,767 - WARNING - No RapidAPI key provided, skipping Indeed API call
2025-06-10 09:22:49,767 - WARNING - No jobs found for term: UiPath
2025-06-10 09:22:49,767 - INFO -   Searching for term: Blue Prism
2025-06-10 09:22:49,768 - INFO - Searching JobTech API for 'Blue Prism' in Göteborg
2025-06-10 09:22:50,125 - INFO - Found 0 total hits, retrieved 0 jobs
2025-06-10 09:22:50,125 - WARNING - JobTech API returned no results for 'Blue Prism' in Göteborg, trying Indeed API
2025-06-10 09:22:50,125 - INFO - Searching Indeed API for 'Blue Prism' in Göteborg
2025-06-10 09:22:50,125 - WARNING - No RapidAPI key provided, skipping Indeed API call
2025-06-10 09:22:50,125 - WARNING - No jobs found for term: Blue Prism
2025-06-10 09:22:50,125 - INFO -   Searching for term: Automation Anywhere
2025-06-10 09:22:50,126 - INFO - Searching JobTech API for 'Automation Anywhere' in Göteborg
2025-06-10 09:22:50,484 - INFO - Found 0 total hits, retrieved 0 jobs
2025-06-10 09:22:50,485 - WARNING - JobTech API returned no results for 'Automation Anywhere' in Göteborg, trying Indeed API
2025-06-10 09:22:50,485 - INFO - Searching Indeed API for 'Automation Anywhere' in Göteborg
2025-06-10 09:22:50,485 - WARNING - No RapidAPI key provided, skipping Indeed API call
2025-06-10 09:22:50,485 - WARNING - No jobs found for term: Automation Anywhere
2025-06-10 09:22:50,485 - INFO - 
Searching for RPA jobs in Kungsbacka...
2025-06-10 09:22:50,485 - INFO -   Searching for term: RPA
2025-06-10 09:22:50,485 - INFO - Searching JobTech API for 'RPA' in Kungsbacka
2025-06-10 09:22:50,850 - INFO - Found 0 total hits, retrieved 0 jobs
2025-06-10 09:22:50,850 - WARNING - JobTech API returned no results for 'RPA' in Kungsbacka, trying Indeed API
2025-06-10 09:22:50,850 - INFO - Searching Indeed API for 'RPA' in Kungsbacka
2025-06-10 09:22:50,851 - WARNING - No RapidAPI key provided, skipping Indeed API call
2025-06-10 09:22:50,851 - WARNING - No jobs found for term: RPA
2025-06-10 09:22:50,851 - INFO -   Searching for term: robotic process automation
2025-06-10 09:22:50,851 - INFO - Searching JobTech API for 'robotic process automation' in Kungsbacka
2025-06-10 09:22:51,212 - INFO - Found 0 total hits, retrieved 0 jobs
2025-06-10 09:22:51,212 - WARNING - JobTech API returned no results for 'robotic process automation' in Kungsbacka, trying Indeed API
2025-06-10 09:22:51,213 - INFO - Searching Indeed API for 'robotic process automation' in Kungsbacka
2025-06-10 09:22:51,213 - WARNING - No RapidAPI key provided, skipping Indeed API call
2025-06-10 09:22:51,213 - WARNING - No jobs found for term: robotic process automation
2025-06-10 09:22:51,213 - INFO -   Searching for term: automation
2025-06-10 09:22:51,213 - INFO - Searching JobTech API for 'automation' in Kungsbacka
2025-06-10 09:22:51,577 - INFO - Found 1 total hits, retrieved 1 jobs
2025-06-10 09:22:51,578 - INFO -   Found 1 jobs for term: automation
2025-06-10 09:22:52,580 - INFO -   Searching for term: automatisering
2025-06-10 09:22:52,580 - INFO - Searching JobTech API for 'automatisering' in Kungsbacka
2025-06-10 09:22:52,940 - INFO - Found 0 total hits, retrieved 0 jobs
2025-06-10 09:22:52,941 - WARNING - JobTech API returned no results for 'automatisering' in Kungsbacka, trying Indeed API
2025-06-10 09:22:52,941 - INFO - Searching Indeed API for 'automatisering' in Kungsbacka
2025-06-10 09:22:52,941 - WARNING - No RapidAPI key provided, skipping Indeed API call
2025-06-10 09:22:52,941 - WARNING - No jobs found for term: automatisering
2025-06-10 09:22:52,941 - INFO -   Searching for term: process automation
2025-06-10 09:22:52,941 - INFO - Searching JobTech API for 'process automation' in Kungsbacka
2025-06-10 09:22:53,300 - INFO - Found 0 total hits, retrieved 0 jobs
2025-06-10 09:22:53,301 - WARNING - JobTech API returned no results for 'process automation' in Kungsbacka, trying Indeed API
2025-06-10 09:22:53,301 - INFO - Searching Indeed API for 'process automation' in Kungsbacka
2025-06-10 09:22:53,301 - WARNING - No RapidAPI key provided, skipping Indeed API call
2025-06-10 09:22:53,301 - WARNING - No jobs found for term: process automation
2025-06-10 09:22:53,301 - INFO -   Searching for term: UiPath
2025-06-10 09:22:53,301 - INFO - Searching JobTech API for 'UiPath' in Kungsbacka
2025-06-10 09:22:53,660 - INFO - Found 0 total hits, retrieved 0 jobs
2025-06-10 09:22:53,660 - WARNING - JobTech API returned no results for 'UiPath' in Kungsbacka, trying Indeed API
2025-06-10 09:22:53,660 - INFO - Searching Indeed API for 'UiPath' in Kungsbacka
2025-06-10 09:22:53,661 - WARNING - No RapidAPI key provided, skipping Indeed API call
2025-06-10 09:22:53,661 - WARNING - No jobs found for term: UiPath
2025-06-10 09:22:53,661 - INFO -   Searching for term: Blue Prism
2025-06-10 09:22:53,661 - INFO - Searching JobTech API for 'Blue Prism' in Kungsbacka
2025-06-10 09:22:54,017 - INFO - Found 0 total hits, retrieved 0 jobs
2025-06-10 09:22:54,018 - WARNING - JobTech API returned no results for 'Blue Prism' in Kungsbacka, trying Indeed API
2025-06-10 09:22:54,018 - INFO - Searching Indeed API for 'Blue Prism' in Kungsbacka
2025-06-10 09:22:54,018 - WARNING - No RapidAPI key provided, skipping Indeed API call
2025-06-10 09:22:54,018 - WARNING - No jobs found for term: Blue Prism
2025-06-10 09:22:54,019 - INFO -   Searching for term: Automation Anywhere
2025-06-10 09:22:54,019 - INFO - Searching JobTech API for 'Automation Anywhere' in Kungsbacka
2025-06-10 09:22:54,378 - INFO - Found 0 total hits, retrieved 0 jobs
2025-06-10 09:22:54,379 - WARNING - JobTech API returned no results for 'Automation Anywhere' in Kungsbacka, trying Indeed API
2025-06-10 09:22:54,379 - INFO - Searching Indeed API for 'Automation Anywhere' in Kungsbacka
2025-06-10 09:22:54,379 - WARNING - No RapidAPI key provided, skipping Indeed API call
2025-06-10 09:22:54,379 - WARNING - No jobs found for term: Automation Anywhere
2025-06-10 09:22:54,379 - INFO - 
Found 28 RPA jobs in Gothenburg and Kungsbacka
2025-06-10 09:22:54,381 - INFO - Saved 28 jobs to /home/ubuntu/job_search_project/updated_version_v3/rpa_jobs.json
2025-06-10 09:22:54,382 - INFO - 
Found 303 total jobs in Gothenburg and Kungsbacka
2025-06-10 09:22:54,403 - INFO - Saved 303 jobs to /home/ubuntu/job_search_project/updated_version_v3/all_jobs.json
2025-06-10 09:22:54,403 - INFO - Updated last_updated.txt with current timestamp
2025-06-10 09:22:54,403 - INFO - 
Job scraping completed at 2025-06-10 09:22:54
